<?xml version="1.0" encoding="UTF-8"?>
<!-- Generated by org.testng.reporters.JUnitXMLReporter -->
<testsuite hostname="MX-60010073" ignored="0" name="Test" tests="6" failures="1" timestamp="2020-04-13T02:20:28 CEST" time="545.962" errors="0">
  <testcase name="SoDig177" time="13.741" classname="fr.mutex.qualif.espaceemployeur.EESoDig177">
    <skipped/>
  </testcase> <!-- SoDig177 -->
  <testcase name="SoDig177" time="11.321" classname="fr.mutex.qualif.espaceemployeur.EESoDig177">
    <skipped/>
  </testcase> <!-- SoDig177 -->
  <testcase name="SoDig177" time="11.762" classname="fr.mutex.qualif.espaceemployeur.EESoDig177">
    <failure type="java.lang.AssertionError" message="expected [MAANANEc MERYEM] but found [MAANANE MERYEM]">
      <![CDATA[java.lang.AssertionError: expected [MAANANEc MERYEM] but found [MAANANE MERYEM]
at com.mutex.selenium.forme.espaceemployeur.suivreVosSalaries.ListeDuPersonnelCouvert.RechercheListeDansLetableau(ListeDuPersonnelCouvert.java:96)
at fr.mutex.qualif.espaceemployeur.EESoDig177.SoDig177(EESoDig177.java:60)
at java.util.ArrayList.forEach(ArrayList.java:1257)
... Removed 32 stack frames]]>
    </failure>
  </testcase> <!-- SoDig177 -->
  <testcase name="SoDig135" time="11.234" classname="fr.mutex.qualif.espaceemployeur.EESoDig135"/>
  <testcase name="SoDig55" time="38.937" classname="fr.mutex.qualif.espaceemployeur.EESoDig55">
    <skipped/>
  </testcase> <!-- SoDig55 -->
  <testcase name="SoDig55" time="7.825" classname="fr.mutex.qualif.espaceemployeur.EESoDig55"/>
</testsuite> <!-- Test -->
