<?xml version="1.0" encoding="UTF-8"?>
<testsuite xmlns:xsi="http://www.w3.org/2001/XMLSchema-instance" xsi:noNamespaceSchemaLocation="https://maven.apache.org/surefire/maven-surefire-plugin/xsd/surefire-test-report.xsd" name="TestSuite" time="3.891" tests="2" errors="0" skipped="0" failures="0">
  <properties>
[...]
</properties>
  <testcase name="test1" classname="fr.mutex.qualif.espaceemployeur.TestNGAnnotations" time="0.193"/>
  <testcase name="test2" classname="fr.mutex.qualif.espaceemployeur.TestNGAnnotations" time="0.003"/>
</testsuite>